{"contracts/Chocomint.sol":{"l":{"167":27,"168":27,"182":6,"183":6,"187":5,"188":5,"189":5,"190":5,"191":5,"192":5,"199":4,"218":5,"221":4,"232":4,"233":4,"234":3,"238":2,"239":2,"240":2,"293":4,"294":4,"303":4,"304":4,"307":4,"315":4,"323":4,"331":4,"333":4,"334":4,"335":4,"336":4,"337":4,"338":136,"339":136,"340":3052,"341":3052,"342":3052,"344":136,"345":180,"346":180,"347":180,"350":4,"351":184,"353":4},"path":"/Users/taijusanagi/Documents/workspace/chocomint/packages/contracts/contracts/Chocomint.sol","s":{"1":27,"2":27,"3":6,"4":6,"5":5,"6":5,"7":5,"8":5,"9":5,"10":5,"11":4,"12":5,"13":4,"14":4,"15":4,"16":3,"17":2,"18":2,"19":2,"20":4,"21":4,"22":4,"23":4,"24":4,"25":4,"26":4,"27":4,"28":4,"29":4,"30":4,"31":4,"32":136,"33":136,"34":3052,"35":3052,"36":3052,"37":136,"38":180,"39":180,"40":4,"41":184,"42":4},"b":{"1":[5,1],"2":[4,1],"3":[3,1],"4":[2,1],"5":[2,0],"6":[4,0]},"f":{"1":27,"2":6,"3":4,"4":5,"5":4,"6":4,"7":4,"8":4,"9":4},"fnMap":{"1":{"name":"constructor","line":166,"loc":{"start":{"line":166,"column":2},"end":{"line":169,"column":2}}},"2":{"name":"_mint","line":175,"loc":{"start":{"line":175,"column":2},"end":{"line":193,"column":2}}},"3":{"name":"mint","line":198,"loc":{"start":{"line":198,"column":2},"end":{"line":200,"column":2}}},"4":{"name":"minamint","line":208,"loc":{"start":{"line":208,"column":2},"end":{"line":242,"column":2}}},"5":{"name":"tokenURI","line":292,"loc":{"start":{"line":292,"column":2},"end":{"line":300,"column":2}}},"6":{"name":"_getChainId","line":302,"loc":{"start":{"line":302,"column":2},"end":{"line":308,"column":2}}},"7":{"name":"_addIpfsBaseUrlPrefix","line":310,"loc":{"start":{"line":310,"column":2},"end":{"line":316,"column":2}}},"8":{"name":"_addSha256FunctionCodePrefix","line":318,"loc":{"start":{"line":318,"column":2},"end":{"line":324,"column":2}}},"9":{"name":"_bytesToBase58","line":326,"loc":{"start":{"line":326,"column":2},"end":{"line":354,"column":2}}}},"statementMap":{"1":{"start":{"line":167,"column":4},"end":{"line":167,"column":15}},"2":{"start":{"line":168,"column":4},"end":{"line":168,"column":19}},"3":{"start":{"line":182,"column":4},"end":{"line":182,"column":63}},"4":{"start":{"line":183,"column":4},"end":{"line":183,"column":24038}},"5":{"start":{"line":187,"column":4},"end":{"line":187,"column":35}},"6":{"start":{"line":188,"column":4},"end":{"line":188,"column":34}},"7":{"start":{"line":189,"column":4},"end":{"line":189,"column":40}},"8":{"start":{"line":190,"column":4},"end":{"line":190,"column":38}},"9":{"start":{"line":191,"column":4},"end":{"line":191,"column":38}},"10":{"start":{"line":192,"column":4},"end":{"line":192,"column":39}},"11":{"start":{"line":199,"column":4},"end":{"line":199,"column":50}},"12":{"start":{"line":218,"column":4},"end":{"line":218,"column":75}},"13":{"start":{"line":221,"column":4},"end":{"line":221,"column":25481}},"14":{"start":{"line":232,"column":4},"end":{"line":232,"column":63}},"15":{"start":{"line":233,"column":4},"end":{"line":233,"column":59}},"16":{"start":{"line":234,"column":4},"end":{"line":234,"column":25915}},"17":{"start":{"line":238,"column":4},"end":{"line":238,"column":48}},"18":{"start":{"line":239,"column":4},"end":{"line":239,"column":26097}},"19":{"start":{"line":240,"column":6},"end":{"line":240,"column":33}},"20":{"start":{"line":293,"column":4},"end":{"line":293,"column":48}},"21":{"start":{"line":294,"column":4},"end":{"line":294,"column":27744}},"22":{"start":{"line":303,"column":4},"end":{"line":303,"column":14}},"23":{"start":{"line":307,"column":4},"end":{"line":307,"column":13}},"24":{"start":{"line":315,"column":4},"end":{"line":315,"column":45}},"25":{"start":{"line":323,"column":4},"end":{"line":323,"column":45}},"26":{"start":{"line":331,"column":4},"end":{"line":331,"column":28514}},"27":{"start":{"line":333,"column":4},"end":{"line":333,"column":43}},"28":{"start":{"line":334,"column":4},"end":{"line":334,"column":39}},"29":{"start":{"line":335,"column":4},"end":{"line":335,"column":16}},"30":{"start":{"line":336,"column":4},"end":{"line":336,"column":25}},"31":{"start":{"line":337,"column":4},"end":{"line":337,"column":28680}},"32":{"start":{"line":338,"column":6},"end":{"line":338,"column":37}},"33":{"start":{"line":339,"column":6},"end":{"line":339,"column":28772}},"34":{"start":{"line":340,"column":8},"end":{"line":340,"column":40}},"35":{"start":{"line":341,"column":8},"end":{"line":341,"column":36}},"36":{"start":{"line":342,"column":8},"end":{"line":342,"column":25}},"37":{"start":{"line":344,"column":6},"end":{"line":344,"column":28940}},"38":{"start":{"line":345,"column":8},"end":{"line":345,"column":46}},"39":{"start":{"line":347,"column":8},"end":{"line":347,"column":25}},"40":{"start":{"line":350,"column":4},"end":{"line":350,"column":29076}},"41":{"start":{"line":351,"column":6},"end":{"line":351,"column":54}},"42":{"start":{"line":353,"column":4},"end":{"line":353,"column":17}}},"branchMap":{"1":{"line":183,"type":"if","locations":[{"start":{"line":183,"column":4},"end":{"line":183,"column":4}},{"start":{"line":183,"column":4},"end":{"line":183,"column":4}}]},"2":{"line":218,"type":"if","locations":[{"start":{"line":218,"column":4},"end":{"line":218,"column":4}},{"start":{"line":218,"column":4},"end":{"line":218,"column":4}}]},"3":{"line":233,"type":"if","locations":[{"start":{"line":233,"column":4},"end":{"line":233,"column":4}},{"start":{"line":233,"column":4},"end":{"line":233,"column":4}}]},"4":{"line":234,"type":"if","locations":[{"start":{"line":234,"column":4},"end":{"line":234,"column":4}},{"start":{"line":234,"column":4},"end":{"line":234,"column":4}}]},"5":{"line":239,"type":"if","locations":[{"start":{"line":239,"column":4},"end":{"line":239,"column":4}},{"start":{"line":239,"column":4},"end":{"line":239,"column":4}}]},"6":{"line":293,"type":"if","locations":[{"start":{"line":293,"column":4},"end":{"line":293,"column":4}},{"start":{"line":293,"column":4},"end":{"line":293,"column":4}}]}}}}