{"contracts/Chocomint.sol":{"l":{"168":30,"169":30,"184":6,"185":6,"189":5,"190":5,"191":5,"192":5,"193":5,"194":5,"195":5,"202":4,"220":5,"223":4,"227":4,"228":4,"229":3,"233":2,"234":2,"235":1,"288":5,"289":4,"298":4,"299":4,"302":4,"310":4,"318":4,"326":4,"328":4,"329":4,"330":4,"331":4,"332":4,"333":136,"334":136,"335":3052,"336":3052,"337":3052,"339":136,"340":180,"341":180,"342":180,"345":4,"346":184,"348":4},"path":"/Users/taijusanagi/Documents/workspace/chocomint/packages/contracts/contracts/Chocomint.sol","s":{"1":30,"2":30,"3":6,"4":6,"5":5,"6":5,"7":5,"8":5,"9":5,"10":5,"11":5,"12":4,"13":5,"14":4,"15":4,"16":4,"17":3,"18":2,"19":2,"20":1,"21":5,"22":4,"23":4,"24":4,"25":4,"26":4,"27":4,"28":4,"29":4,"30":4,"31":4,"32":4,"33":136,"34":136,"35":3052,"36":3052,"37":3052,"38":136,"39":180,"40":180,"41":4,"42":184,"43":4},"b":{"1":[5,1],"2":[4,1],"3":[3,1],"4":[2,1],"5":[1,1],"6":[4,1]},"f":{"1":30,"2":6,"3":4,"4":5,"5":5,"6":4,"7":4,"8":4,"9":4},"fnMap":{"1":{"name":"constructor","line":167,"loc":{"start":{"line":167,"column":2},"end":{"line":170,"column":2}}},"2":{"name":"_mint","line":177,"loc":{"start":{"line":177,"column":2},"end":{"line":196,"column":2}}},"3":{"name":"mint","line":201,"loc":{"start":{"line":201,"column":2},"end":{"line":203,"column":2}}},"4":{"name":"minamint","line":211,"loc":{"start":{"line":211,"column":2},"end":{"line":237,"column":2}}},"5":{"name":"tokenURI","line":287,"loc":{"start":{"line":287,"column":2},"end":{"line":295,"column":2}}},"6":{"name":"_getChainId","line":297,"loc":{"start":{"line":297,"column":2},"end":{"line":303,"column":2}}},"7":{"name":"_addIpfsBaseUrlPrefix","line":305,"loc":{"start":{"line":305,"column":2},"end":{"line":311,"column":2}}},"8":{"name":"_addSha256FunctionCodePrefix","line":313,"loc":{"start":{"line":313,"column":2},"end":{"line":319,"column":2}}},"9":{"name":"_bytesToBase58","line":321,"loc":{"start":{"line":321,"column":2},"end":{"line":349,"column":2}}}},"statementMap":{"1":{"start":{"line":168,"column":4},"end":{"line":168,"column":15}},"2":{"start":{"line":169,"column":4},"end":{"line":169,"column":19}},"3":{"start":{"line":184,"column":4},"end":{"line":184,"column":63}},"4":{"start":{"line":185,"column":4},"end":{"line":185,"column":24208}},"5":{"start":{"line":189,"column":4},"end":{"line":189,"column":73}},"6":{"start":{"line":190,"column":4},"end":{"line":190,"column":35}},"7":{"start":{"line":191,"column":4},"end":{"line":191,"column":34}},"8":{"start":{"line":192,"column":4},"end":{"line":192,"column":40}},"9":{"start":{"line":193,"column":4},"end":{"line":193,"column":38}},"10":{"start":{"line":194,"column":4},"end":{"line":194,"column":37}},"11":{"start":{"line":195,"column":4},"end":{"line":195,"column":39}},"12":{"start":{"line":202,"column":4},"end":{"line":202,"column":50}},"13":{"start":{"line":220,"column":4},"end":{"line":220,"column":75}},"14":{"start":{"line":223,"column":4},"end":{"line":223,"column":25697}},"15":{"start":{"line":227,"column":4},"end":{"line":227,"column":63}},"16":{"start":{"line":228,"column":4},"end":{"line":228,"column":64}},"17":{"start":{"line":229,"column":4},"end":{"line":229,"column":25952}},"18":{"start":{"line":233,"column":4},"end":{"line":233,"column":48}},"19":{"start":{"line":234,"column":4},"end":{"line":234,"column":26134}},"20":{"start":{"line":235,"column":6},"end":{"line":235,"column":33}},"21":{"start":{"line":288,"column":4},"end":{"line":288,"column":48}},"22":{"start":{"line":289,"column":4},"end":{"line":289,"column":27781}},"23":{"start":{"line":298,"column":4},"end":{"line":298,"column":14}},"24":{"start":{"line":302,"column":4},"end":{"line":302,"column":13}},"25":{"start":{"line":310,"column":4},"end":{"line":310,"column":45}},"26":{"start":{"line":318,"column":4},"end":{"line":318,"column":45}},"27":{"start":{"line":326,"column":4},"end":{"line":326,"column":28551}},"28":{"start":{"line":328,"column":4},"end":{"line":328,"column":43}},"29":{"start":{"line":329,"column":4},"end":{"line":329,"column":39}},"30":{"start":{"line":330,"column":4},"end":{"line":330,"column":16}},"31":{"start":{"line":331,"column":4},"end":{"line":331,"column":25}},"32":{"start":{"line":332,"column":4},"end":{"line":332,"column":28717}},"33":{"start":{"line":333,"column":6},"end":{"line":333,"column":37}},"34":{"start":{"line":334,"column":6},"end":{"line":334,"column":28809}},"35":{"start":{"line":335,"column":8},"end":{"line":335,"column":40}},"36":{"start":{"line":336,"column":8},"end":{"line":336,"column":36}},"37":{"start":{"line":337,"column":8},"end":{"line":337,"column":25}},"38":{"start":{"line":339,"column":6},"end":{"line":339,"column":28977}},"39":{"start":{"line":340,"column":8},"end":{"line":340,"column":46}},"40":{"start":{"line":342,"column":8},"end":{"line":342,"column":25}},"41":{"start":{"line":345,"column":4},"end":{"line":345,"column":29113}},"42":{"start":{"line":346,"column":6},"end":{"line":346,"column":54}},"43":{"start":{"line":348,"column":4},"end":{"line":348,"column":17}}},"branchMap":{"1":{"line":185,"type":"if","locations":[{"start":{"line":185,"column":4},"end":{"line":185,"column":4}},{"start":{"line":185,"column":4},"end":{"line":185,"column":4}}]},"2":{"line":220,"type":"if","locations":[{"start":{"line":220,"column":4},"end":{"line":220,"column":4}},{"start":{"line":220,"column":4},"end":{"line":220,"column":4}}]},"3":{"line":228,"type":"if","locations":[{"start":{"line":228,"column":4},"end":{"line":228,"column":4}},{"start":{"line":228,"column":4},"end":{"line":228,"column":4}}]},"4":{"line":229,"type":"if","locations":[{"start":{"line":229,"column":4},"end":{"line":229,"column":4}},{"start":{"line":229,"column":4},"end":{"line":229,"column":4}}]},"5":{"line":234,"type":"if","locations":[{"start":{"line":234,"column":4},"end":{"line":234,"column":4}},{"start":{"line":234,"column":4},"end":{"line":234,"column":4}}]},"6":{"line":288,"type":"if","locations":[{"start":{"line":288,"column":4},"end":{"line":288,"column":4}},{"start":{"line":288,"column":4},"end":{"line":288,"column":4}}]}}}}